  hw6.cpp
c:\users\inaki\documents\tamu\year 4-semester 1\computer graphics\hw6\openglconsuleapplication1\classes.h(62): warning C4244: 'initializing': conversion from 'float' to 'int', possible loss of data
c:\users\inaki\documents\tamu\year 4-semester 1\computer graphics\hw6\openglconsuleapplication1\classes.h(63): warning C4244: 'initializing': conversion from 'float' to 'int', possible loss of data
c:\users\inaki\documents\tamu\year 4-semester 1\computer graphics\hw6\openglconsuleapplication1\classes.h(64): warning C4244: 'initializing': conversion from 'float' to 'int', possible loss of data
c:\users\inaki\documents\tamu\year 4-semester 1\computer graphics\hw6\openglconsuleapplication1\classes.h(65): warning C4244: 'argument': conversion from 'int' to 'float', possible loss of data
c:\users\inaki\documents\tamu\year 4-semester 1\computer graphics\hw6\openglconsuleapplication1\classes.h(68): warning C4244: 'return': conversion from 'float' to 'int', possible loss of data
c:\users\inaki\documents\tamu\year 4-semester 1\computer graphics\hw6\openglconsuleapplication1\classes.h(69): warning C4244: 'return': conversion from 'float' to 'int', possible loss of data
c:\users\inaki\documents\tamu\year 4-semester 1\computer graphics\hw6\openglconsuleapplication1\classes.h(70): warning C4244: 'return': conversion from 'float' to 'int', possible loss of data
c:\users\inaki\documents\tamu\year 4-semester 1\computer graphics\hw6\openglconsuleapplication1\classes.h(96): warning C4305: '=': truncation from 'double' to 'float'
c:\users\inaki\documents\tamu\year 4-semester 1\computer graphics\hw6\openglconsuleapplication1\classes.h(101): warning C4244: '+=': conversion from 'double' to 'float', possible loss of data
c:\users\inaki\documents\tamu\year 4-semester 1\computer graphics\hw6\openglconsuleapplication1\classes.h(102): warning C4244: '+=': conversion from 'double' to 'float', possible loss of data
c:\users\inaki\documents\tamu\year 4-semester 1\computer graphics\hw6\openglconsuleapplication1\classes.h(103): warning C4244: '+=': conversion from 'double' to 'float', possible loss of data
hw6.cpp(100): warning C4244: '=': conversion from 'int' to 'float', possible loss of data
hw6.cpp(129): warning C4018: '<': signed/unsigned mismatch
hw6.cpp(147): warning C4305: '=': truncation from 'double' to 'float'
hw6.cpp(152): warning C4244: '+=': conversion from 'double' to 'float', possible loss of data
hw6.cpp(153): warning C4244: '+=': conversion from 'double' to 'float', possible loss of data
hw6.cpp(154): warning C4244: '+=': conversion from 'double' to 'float', possible loss of data
hw6.cpp(186): warning C4018: '<': signed/unsigned mismatch
hw6.cpp(188): warning C4018: '<': signed/unsigned mismatch
hw6.cpp(230): warning C4244: 'argument': conversion from 'double' to 'float', possible loss of data
hw6.cpp(214): warning C4101: 'skip': unreferenced local variable
  Generating code
  0 of 514 functions ( 0.0%) were compiled, the rest were copied from previous compilation.
    0 functions were new in current compilation
    1 functions had inline decision re-evaluated but remain unchanged
  Finished generating code
  OpenGLConsuleApplication1.vcxproj -> C:\Users\Inaki\Documents\tamu\Year 4-Semester 1\Computer Graphics\HW6\Release\OpenGLConsuleApplication1.exe
